2024-11-06T12:21:07.152Z [INFO]: Creating web Browser
2024-11-06T12:21:09.879Z [INFO]: Opening new page
2024-11-06T12:21:12.130Z [INFO]: Proxies init
2024-11-06T12:21:12.131Z [INFO]: xjrxxdsh-rotate
2024-11-06T12:21:12.132Z [INFO]: bs1a64qlhfnk
2024-11-06T12:22:33.962Z [INFO]: Creating web Browser
2024-11-06T12:22:36.713Z [INFO]: Opening new page
2024-11-06T12:22:38.761Z [INFO]: Proxies init
2024-11-06T12:22:38.762Z [INFO]: xjrxxdsh-rotate
2024-11-06T12:22:38.763Z [INFO]: bs1a64qlhfnk
2024-11-06T12:22:38.763Z [INFO]: https://www.zillow.com/california-city-ca
2024-11-06T12:22:38.763Z [INFO]: https://www.zillow.com/california-city-ca/1_p
2024-11-06T12:22:38.764Z [INFO]: Closing old Page
2024-11-06T12:22:40.496Z [INFO]: Creating web Browser
2024-11-06T12:22:43.074Z [INFO]: Creating new Page
2024-11-06T12:22:43.075Z [INFO]: Opening new page
2024-11-06T12:22:44.822Z [INFO]: Proxies init
2024-11-06T12:22:44.823Z [INFO]: xjrxxdsh-rotate
2024-11-06T12:22:44.823Z [INFO]: bs1a64qlhfnk
2024-11-06T12:22:45.324Z [INFO]: Navigating to https://www.zillow.com/california-city-ca/1_p
2024-11-06T12:23:13.604Z [INFO]: Creating web Browser
2024-11-06T12:23:16.410Z [INFO]: Opening new page
2024-11-06T12:23:18.308Z [INFO]: Proxies init
2024-11-06T12:23:18.309Z [INFO]: xjrxxdsh-rotate
2024-11-06T12:23:18.309Z [INFO]: bs1a64qlhfnk
2024-11-06T12:24:00.968Z [INFO]: Creating web Browser
2024-11-06T12:24:03.604Z [INFO]: Opening new page
2024-11-06T12:24:06.017Z [INFO]: Proxies init
2024-11-06T12:24:06.019Z [INFO]: xjrxxdsh-rotate
2024-11-06T12:24:06.035Z [INFO]: bs1a64qlhfnk
2024-11-06T12:26:34.953Z [INFO]: Creating web Browser
2024-11-06T12:26:37.548Z [INFO]: Opening new page
2024-11-06T12:26:39.659Z [INFO]: Proxies init
2024-11-06T12:26:39.660Z [INFO]: xjrxxdsh-rotate
2024-11-06T12:26:39.661Z [INFO]: bs1a64qlhfnk
2024-11-06T12:30:12.599Z [INFO]: Creating web Browser
2024-11-06T12:30:15.553Z [INFO]: Opening new page
2024-11-06T12:30:17.412Z [INFO]: Proxies init
2024-11-06T12:30:17.413Z [INFO]: xjrxxdsh-rotate
2024-11-06T12:30:17.413Z [INFO]: bs1a64qlhfnk
2024-11-06T12:32:09.057Z [INFO]: Retrying
2024-11-06T12:32:57.126Z [INFO]: Retrying
2024-11-06T12:33:45.215Z [INFO]: Retrying
2024-11-06T12:34:32.753Z [INFO]: Retrying
2024-11-06T12:35:21.788Z [INFO]: Retrying
2024-11-06T12:36:10.000Z [INFO]: Retrying
2024-11-06T12:36:58.200Z [INFO]: Retrying
2024-11-06T12:37:46.846Z [INFO]: Retrying
2024-11-06T12:38:35.562Z [INFO]: Retrying
2024-11-06T12:39:19.245Z [INFO]: Retrying
2024-11-06T12:39:24.940Z [INFO]: Creating web Browser
2024-11-06T12:39:27.836Z [INFO]: Opening new page
2024-11-06T12:39:30.119Z [INFO]: Proxies init
2024-11-06T12:39:30.120Z [INFO]: xjrxxdsh-rotate
2024-11-06T12:39:30.120Z [INFO]: bs1a64qlhfnk
2024-11-06T12:41:34.626Z [INFO]: Retrying
2024-11-06T12:42:31.213Z [INFO]: Retrying
2024-11-06T12:43:26.619Z [INFO]: Retrying
2024-11-06T12:44:26.182Z [INFO]: Retrying
2024-11-06T12:45:23.145Z [INFO]: Retrying
2024-11-06T12:46:19.797Z [INFO]: Retrying
2024-11-06T12:47:19.866Z [INFO]: Retrying
2024-11-06T12:48:28.691Z [INFO]: Retrying
2024-11-06T12:53:15.317Z [INFO]: Creating web Browser
2024-11-06T12:53:20.117Z [INFO]: Opening new page
2024-11-06T12:53:22.441Z [INFO]: Proxies init
2024-11-06T12:53:22.442Z [INFO]: xjrxxdsh-rotate
2024-11-06T12:53:22.442Z [INFO]: bs1a64qlhfnk
2024-11-06T12:55:33.956Z [INFO]: Creating web Browser
2024-11-06T12:55:37.929Z [INFO]: Opening new page
2024-11-06T12:55:40.656Z [INFO]: Proxies init
2024-11-06T12:55:40.656Z [INFO]: xjrxxdsh-rotate
2024-11-06T12:55:40.657Z [INFO]: bs1a64qlhfnk
2024-11-06T12:56:07.297Z [INFO]: Creating web Browser
2024-11-06T12:56:10.740Z [INFO]: Opening new page
2024-11-06T12:56:12.727Z [INFO]: Proxies init
2024-11-06T12:56:12.727Z [INFO]: xjrxxdsh-rotate
2024-11-06T12:56:12.728Z [INFO]: bs1a64qlhfnk
2024-11-06T12:57:35.597Z [INFO]: Creating web Browser
2024-11-06T12:57:38.931Z [INFO]: Opening new page
2024-11-06T12:57:41.078Z [INFO]: Proxies init
2024-11-06T12:57:41.079Z [INFO]: xjrxxdsh-rotate
2024-11-06T12:57:41.079Z [INFO]: bs1a64qlhfnk
2024-11-06T12:59:44.903Z [INFO]: Creating web Browser
2024-11-06T12:59:48.433Z [INFO]: Opening new page
2024-11-06T12:59:50.368Z [INFO]: Proxies init
2024-11-06T12:59:50.585Z [INFO]: xjrxxdsh-rotate
2024-11-06T12:59:50.587Z [INFO]: bs1a64qlhfnk
2024-11-06T13:01:31.372Z [INFO]: Retrying
2024-11-06T13:02:20.968Z [INFO]: Retrying
2024-11-06T13:03:10.255Z [INFO]: Retrying
2024-11-06T13:03:59.657Z [INFO]: Retrying
2024-11-06T13:04:49.422Z [INFO]: Retrying
2024-11-06T13:05:39.221Z [INFO]: Retrying
2024-11-06T13:06:29.054Z [INFO]: Retrying
2024-11-06T13:07:18.462Z [INFO]: Retrying
2024-11-06T13:08:09.863Z [INFO]: Retrying
2024-11-06T13:08:48.411Z [INFO]: Retrying
2024-11-06T13:12:22.701Z [INFO]: Opening new page
2024-11-06T13:12:51.120Z [INFO]: Opening new page
2024-11-06T13:12:52.693Z [INFO]: Proxies init
2024-11-06T13:12:52.953Z [INFO]: xjrxxdsh-rotate
2024-11-06T13:12:52.954Z [INFO]: bs1a64qlhfnk
2024-11-06T13:12:52.954Z [INFO]: Navigating to https://www.etsy.com/search?q=wall+decor
2024-11-06T13:13:03.001Z [INFO]: Taking Screenshot
2024-11-06T13:14:35.147Z [INFO]: Navigating to https://www.etsy.com/search?q=wall+decor
2024-11-06T13:14:41.593Z [INFO]: Taking Screenshot
2024-11-06T13:17:11.280Z [INFO]: Navigating to https://www.etsy.com/search?q=wall+decor
2024-11-06T13:17:30.080Z [INFO]: Taking Screenshot
2024-11-07T05:39:35.317Z [INFO]: Navigating to https://www.etsy.com/search?q=wall+decor
2024-11-07T05:39:44.058Z [INFO]: Taking Screenshot
2024-11-07T05:40:33.792Z [INFO]: Navigating to https://www.etsy.com/search?q=wall+decor
2024-11-07T05:41:23.243Z [INFO]: Navigating to https://www.etsy.com/search?q=wall+decor
2024-11-07T05:43:36.803Z [INFO]: Navigating to https://www.etsy.com/search?q=wall+decor
2024-11-07T05:43:48.050Z [INFO]: Taking Screenshot
2024-11-07T05:43:48.904Z [INFO]: Downloading HTML Content
2024-11-07T05:43:49.161Z [INFO]: HTML file created
2024-11-07T05:46:22.678Z [INFO]: Creating web Browser
2024-11-07T05:46:27.387Z [INFO]: Opening new page
2024-11-07T05:46:28.703Z [INFO]: Proxies init
2024-11-07T05:46:28.923Z [INFO]: xjrxxdsh-rotate
2024-11-07T05:46:28.926Z [INFO]: bs1a64qlhfnk
2024-11-07T05:46:28.927Z [INFO]: https://www.zillow.com/california-city-ca
2024-11-07T05:46:28.928Z [INFO]: https://www.zillow.com/california-city-ca/1_p
2024-11-07T05:46:28.929Z [INFO]: Closing old Page
2024-11-07T05:46:30.777Z [INFO]: Creating web Browser
2024-11-07T05:46:32.824Z [INFO]: Creating new Page
2024-11-07T05:46:32.831Z [INFO]: Opening new page
2024-11-07T05:46:34.417Z [INFO]: Proxies init
2024-11-07T05:46:34.629Z [INFO]: xjrxxdsh-rotate
2024-11-07T05:46:34.630Z [INFO]: bs1a64qlhfnk
2024-11-07T05:46:35.130Z [INFO]: Navigating to https://www.zillow.com/california-city-ca/1_p
2024-11-07T05:48:18.132Z [INFO]: Downloading HTML Content
2024-11-07T05:49:30.738Z [INFO]: Creating web Browser
2024-11-07T05:49:33.374Z [INFO]: Opening new page
2024-11-07T05:49:34.933Z [INFO]: Proxies init
2024-11-07T05:49:35.139Z [INFO]: xjrxxdsh-rotate
2024-11-07T05:49:35.140Z [INFO]: bs1a64qlhfnk
2024-11-07T05:49:35.140Z [INFO]: https://www.zillow.com/california-city-ca
2024-11-07T05:49:35.143Z [INFO]: https://www.zillow.com/california-city-ca/1_p
2024-11-07T05:49:35.145Z [INFO]: Closing old Page
2024-11-07T05:49:36.746Z [INFO]: Creating web Browser
2024-11-07T05:49:38.792Z [INFO]: Creating new Page
2024-11-07T05:49:38.793Z [INFO]: Opening new page
2024-11-07T05:49:40.192Z [INFO]: Proxies init
2024-11-07T05:49:40.406Z [INFO]: xjrxxdsh-rotate
2024-11-07T05:49:40.407Z [INFO]: bs1a64qlhfnk
2024-11-07T05:49:40.907Z [INFO]: Navigating to https://www.zillow.com/california-city-ca/1_p
2024-11-07T05:51:33.201Z [INFO]: Creating web Browser
2024-11-07T05:51:35.835Z [INFO]: Opening new page
2024-11-07T05:51:37.388Z [INFO]: Proxies init
2024-11-07T05:51:37.597Z [INFO]: xjrxxdsh-rotate
2024-11-07T05:51:37.597Z [INFO]: bs1a64qlhfnk
2024-11-07T05:51:37.598Z [INFO]: https://www.zillow.com/california-city-ca
2024-11-07T05:51:37.599Z [INFO]: https://www.zillow.com/california-city-ca/1_p
2024-11-07T05:51:37.599Z [INFO]: Closing old Page
2024-11-07T05:51:39.761Z [INFO]: Creating web Browser
2024-11-07T05:51:41.591Z [INFO]: Creating new Page
2024-11-07T05:51:41.593Z [INFO]: Opening new page
2024-11-07T05:51:43.025Z [INFO]: Proxies init
2024-11-07T05:51:43.242Z [INFO]: xjrxxdsh-rotate
2024-11-07T05:51:43.243Z [INFO]: bs1a64qlhfnk
2024-11-07T05:51:43.743Z [INFO]: Navigating to https://www.zillow.com/california-city-ca/1_p
2024-11-07T05:51:54.741Z [INFO]: https://www.zillow.com/california-city-ca
2024-11-07T05:51:54.741Z [INFO]: https://www.zillow.com/california-city-ca/2_p
2024-11-07T05:51:54.742Z [INFO]: Closing old Page
2024-11-07T05:51:56.545Z [INFO]: Creating web Browser
2024-11-07T05:51:58.477Z [INFO]: Creating new Page
2024-11-07T05:51:58.490Z [INFO]: Opening new page
2024-11-07T05:52:00.085Z [INFO]: Proxies init
2024-11-07T05:52:00.287Z [INFO]: xjrxxdsh-rotate
2024-11-07T05:52:00.288Z [INFO]: bs1a64qlhfnk
2024-11-07T05:52:00.788Z [INFO]: Navigating to https://www.zillow.com/california-city-ca/2_p
2024-11-07T05:52:52.167Z [INFO]: Downloading HTML Content
2024-11-07T05:52:52.407Z [INFO]: HTML file created
2024-11-07T05:52:54.097Z [INFO]: https://www.zillow.com/california-city-ca
2024-11-07T05:52:54.119Z [INFO]: https://www.zillow.com/california-city-ca/3_p
2024-11-07T05:52:54.148Z [INFO]: Closing old Page
2024-11-07T05:52:57.598Z [INFO]: Creating web Browser
2024-11-07T05:52:59.739Z [INFO]: Creating new Page
2024-11-07T05:52:59.740Z [INFO]: Opening new page
2024-11-07T05:53:01.074Z [INFO]: Proxies init
2024-11-07T05:53:01.348Z [INFO]: xjrxxdsh-rotate
2024-11-07T05:53:01.360Z [INFO]: bs1a64qlhfnk
2024-11-07T05:53:01.861Z [INFO]: Navigating to https://www.zillow.com/california-city-ca/3_p
2024-11-07T05:53:45.584Z [INFO]: Downloading HTML Content
2024-11-07T05:53:45.821Z [INFO]: HTML file created
2024-11-07T05:53:47.509Z [INFO]: https://www.zillow.com/california-city-ca
2024-11-07T05:53:47.509Z [INFO]: https://www.zillow.com/california-city-ca/4_p
2024-11-07T05:53:47.510Z [INFO]: Closing old Page
2024-11-07T05:53:49.357Z [INFO]: Creating web Browser
2024-11-07T05:53:51.127Z [INFO]: Creating new Page
2024-11-07T05:53:51.127Z [INFO]: Opening new page
2024-11-07T05:53:52.445Z [INFO]: Proxies init
2024-11-07T05:53:52.655Z [INFO]: xjrxxdsh-rotate
2024-11-07T05:53:52.656Z [INFO]: bs1a64qlhfnk
2024-11-07T05:53:53.156Z [INFO]: Navigating to https://www.zillow.com/california-city-ca/4_p
2024-11-07T05:54:30.006Z [INFO]: Downloading HTML Content
2024-11-07T05:54:30.242Z [INFO]: HTML file created
2024-11-07T05:54:31.894Z [INFO]: https://www.zillow.com/california-city-ca
2024-11-07T05:54:31.894Z [INFO]: https://www.zillow.com/california-city-ca/5_p
2024-11-07T05:54:31.894Z [INFO]: Closing old Page
2024-11-07T05:54:33.702Z [INFO]: Creating web Browser
2024-11-07T05:54:35.220Z [INFO]: Creating new Page
2024-11-07T05:54:35.220Z [INFO]: Opening new page
2024-11-07T05:54:36.827Z [INFO]: Proxies init
2024-11-07T05:54:37.038Z [INFO]: xjrxxdsh-rotate
2024-11-07T05:54:37.038Z [INFO]: bs1a64qlhfnk
2024-11-07T05:54:37.539Z [INFO]: Navigating to https://www.zillow.com/california-city-ca/5_p
2024-11-07T05:55:20.242Z [INFO]: Downloading HTML Content
2024-11-07T05:55:20.499Z [INFO]: HTML file created
2024-11-07T05:55:22.197Z [INFO]: Downloading HTML Content
2024-11-07T07:27:59.922Z [INFO]: Creating web Browser
2024-11-07T07:28:03.833Z [INFO]: Opening new page
2024-11-07T07:28:05.447Z [INFO]: Proxies init
2024-11-07T07:28:05.661Z [INFO]: xjrxxdsh-rotate
2024-11-07T07:28:05.661Z [INFO]: bs1a64qlhfnk
2024-11-07T07:28:05.662Z [INFO]: https://www.zillow.com/california-city-ca
2024-11-07T07:28:05.662Z [INFO]: https://www.zillow.com/california-city-ca/1_p
2024-11-07T07:28:05.662Z [INFO]: Closing old Page
2024-11-07T07:28:07.359Z [INFO]: Creating web Browser
2024-11-07T07:28:09.567Z [INFO]: Creating new Page
2024-11-07T07:28:09.569Z [INFO]: Opening new page
2024-11-07T07:28:10.898Z [INFO]: Proxies init
2024-11-07T07:28:11.108Z [INFO]: xjrxxdsh-rotate
2024-11-07T07:28:11.109Z [INFO]: bs1a64qlhfnk
2024-11-07T07:28:11.609Z [INFO]: Navigating to https://www.zillow.com/california-city-ca/1_p
2024-11-07T07:29:51.450Z [INFO]: Creating web Browser
2024-11-07T07:29:54.729Z [INFO]: Opening new page
2024-11-07T07:29:56.368Z [INFO]: Proxies init
2024-11-07T07:29:56.583Z [INFO]: xjrxxdsh-rotate
2024-11-07T07:29:56.584Z [INFO]: bs1a64qlhfnk
2024-11-07T07:29:56.585Z [INFO]: https://www.zillow.com/california-city-ca
2024-11-07T07:29:56.586Z [INFO]: https://www.zillow.com/california-city-ca/1_p
2024-11-07T07:29:56.586Z [INFO]: Closing old Page
2024-11-07T07:29:58.642Z [INFO]: Creating web Browser
2024-11-07T07:30:01.504Z [INFO]: Creating new Page
2024-11-07T07:30:01.505Z [INFO]: Opening new page
2024-11-07T07:30:03.245Z [INFO]: Proxies init
2024-11-07T07:30:03.454Z [INFO]: xjrxxdsh-rotate
2024-11-07T07:30:03.459Z [INFO]: bs1a64qlhfnk
2024-11-07T07:30:03.960Z [INFO]: Navigating to https://www.zillow.com/california-city-ca/1_p
2024-11-07T09:10:50.586Z [INFO]: Creating web Browser
2024-11-07T09:10:53.156Z [INFO]: Opening new page
2024-11-07T09:10:54.546Z [INFO]: Proxies init
2024-11-07T09:10:54.763Z [INFO]: xjrxxdsh-rotate
2024-11-07T09:10:54.763Z [INFO]: bs1a64qlhfnk
2024-11-07T09:10:54.764Z [INFO]: https://www.zillow.com/california-city-ca
2024-11-07T09:10:54.764Z [INFO]: https://www.zillow.com/california-city-ca/1_p
2024-11-07T09:10:54.765Z [INFO]: Closing old Page
2024-11-07T09:10:56.506Z [INFO]: Creating web Browser
2024-11-07T09:10:58.646Z [INFO]: Creating new Page
2024-11-07T09:10:58.648Z [INFO]: Opening new page
2024-11-07T09:10:59.962Z [INFO]: Proxies init
2024-11-07T09:11:00.175Z [INFO]: xjrxxdsh-rotate
2024-11-07T09:11:00.176Z [INFO]: bs1a64qlhfnk
2024-11-07T09:11:00.676Z [INFO]: Navigating to https://www.zillow.com/california-city-ca/1_p
2024-11-07T09:14:31.941Z [INFO]: Creating web Browser
2024-11-07T09:14:34.426Z [INFO]: Opening new page
2024-11-07T09:14:35.807Z [INFO]: Proxies init
2024-11-07T09:14:36.011Z [INFO]: xjrxxdsh-rotate
2024-11-07T09:14:36.012Z [INFO]: bs1a64qlhfnk
2024-11-07T09:14:36.013Z [INFO]: https://www.zillow.com/california-city-ca
2024-11-07T09:14:36.013Z [INFO]: https://www.zillow.com/california-city-ca/1_p
2024-11-07T09:14:36.014Z [INFO]: Closing old Page
2024-11-07T09:14:37.844Z [INFO]: Creating web Browser
2024-11-07T09:14:39.920Z [INFO]: Creating new Page
2024-11-07T09:14:39.921Z [INFO]: Opening new page
2024-11-07T09:14:41.258Z [INFO]: Proxies init
2024-11-07T09:14:41.469Z [INFO]: xjrxxdsh-rotate
2024-11-07T09:14:41.469Z [INFO]: bs1a64qlhfnk
2024-11-07T09:14:41.970Z [INFO]: Navigating to https://www.zillow.com/california-city-ca/1_p
2024-11-07T09:26:33.577Z [INFO]: Creating web Browser
2024-11-07T09:26:35.666Z [INFO]: Opening new page
2024-11-07T09:26:37.402Z [INFO]: Proxies init
2024-11-07T09:26:37.608Z [INFO]: xjrxxdsh-rotate
2024-11-07T09:26:37.609Z [INFO]: bs1a64qlhfnk
2024-11-07T09:26:37.610Z [INFO]: https://www.zillow.com/california-city-ca
2024-11-07T09:26:37.610Z [INFO]: https://www.zillow.com/california-city-ca/1_p
2024-11-07T09:26:37.610Z [INFO]: Closing old Page
2024-11-07T09:26:39.346Z [INFO]: Creating web Browser
2024-11-07T09:26:41.409Z [INFO]: Creating new Page
2024-11-07T09:26:41.410Z [INFO]: Opening new page
2024-11-07T09:26:42.772Z [INFO]: Proxies init
2024-11-07T09:26:42.985Z [INFO]: xjrxxdsh-rotate
2024-11-07T09:26:42.985Z [INFO]: bs1a64qlhfnk
2024-11-07T09:26:43.486Z [INFO]: Navigating to https://www.zillow.com/california-city-ca/1_p
2024-11-07T09:30:45.663Z [INFO]: Creating web Browser
2024-11-07T09:30:48.079Z [INFO]: Opening new page
2024-11-07T09:30:49.588Z [INFO]: Proxies init
2024-11-07T09:30:49.797Z [INFO]: xjrxxdsh-rotate
2024-11-07T09:30:49.798Z [INFO]: bs1a64qlhfnk
2024-11-07T09:30:49.799Z [INFO]: https://www.zillow.com/california-city-ca
2024-11-07T09:30:49.799Z [INFO]: https://www.zillow.com/california-city-ca/1_p
2024-11-07T09:30:49.799Z [INFO]: Closing old Page
2024-11-07T09:30:51.565Z [INFO]: Creating web Browser
2024-11-07T09:30:53.707Z [INFO]: Creating new Page
2024-11-07T09:30:53.708Z [INFO]: Opening new page
2024-11-07T09:30:55.042Z [INFO]: Proxies init
2024-11-07T09:30:55.253Z [INFO]: xjrxxdsh-rotate
2024-11-07T09:30:55.254Z [INFO]: bs1a64qlhfnk
2024-11-07T09:30:55.754Z [INFO]: Navigating to https://www.zillow.com/california-city-ca/1_p
2024-11-07T09:38:40.614Z [INFO]: Creating web Browser
2024-11-07T09:38:43.411Z [INFO]: Opening new page
2024-11-07T09:38:44.862Z [INFO]: Proxies init
2024-11-07T09:38:45.071Z [INFO]: xjrxxdsh-rotate
2024-11-07T09:38:45.071Z [INFO]: bs1a64qlhfnk
2024-11-07T09:38:45.072Z [INFO]: https://www.zillow.com/california-city-ca
2024-11-07T09:38:45.072Z [INFO]: https://www.zillow.com/california-city-ca/1_p
2024-11-07T09:38:45.073Z [INFO]: Closing old Page
2024-11-07T09:38:46.844Z [INFO]: Creating web Browser
2024-11-07T09:38:48.997Z [INFO]: Creating new Page
2024-11-07T09:38:48.997Z [INFO]: Opening new page
2024-11-07T09:38:50.352Z [INFO]: Proxies init
2024-11-07T09:38:50.568Z [INFO]: xjrxxdsh-rotate
2024-11-07T09:38:50.569Z [INFO]: bs1a64qlhfnk
2024-11-07T09:38:51.069Z [INFO]: Navigating to https://www.zillow.com/california-city-ca/1_p
2024-11-07T09:39:09.654Z [INFO]: https://www.zillow.com/california-city-ca
2024-11-07T09:39:09.659Z [INFO]: https://www.zillow.com/california-city-ca/2_p
2024-11-07T09:39:09.661Z [INFO]: Closing old Page
2024-11-07T09:39:11.668Z [INFO]: Creating web Browser
2024-11-07T09:39:13.710Z [INFO]: Creating new Page
2024-11-07T09:39:13.711Z [INFO]: Opening new page
2024-11-07T09:39:15.131Z [INFO]: Proxies init
2024-11-07T09:39:15.335Z [INFO]: xjrxxdsh-rotate
2024-11-07T09:39:15.336Z [INFO]: bs1a64qlhfnk
2024-11-07T09:39:15.837Z [INFO]: Navigating to https://www.zillow.com/california-city-ca/2_p
2024-11-07T09:42:45.676Z [INFO]: Creating web Browser
2024-11-07T09:42:48.406Z [INFO]: Opening new page
2024-11-07T09:42:50.203Z [INFO]: Proxies init
2024-11-07T09:42:50.422Z [INFO]: xjrxxdsh-rotate
2024-11-07T09:42:50.423Z [INFO]: bs1a64qlhfnk
2024-11-07T09:42:50.424Z [INFO]: https://www.zillow.com/california-city-ca
2024-11-07T09:42:50.424Z [INFO]: https://www.zillow.com/california-city-ca/1_p
2024-11-07T09:42:50.425Z [INFO]: Closing old Page
2024-11-07T09:42:52.221Z [INFO]: Creating web Browser
2024-11-07T09:43:03.824Z [INFO]: Creating web Browser
2024-11-07T09:43:06.935Z [INFO]: Opening new page
2024-11-07T09:43:08.618Z [INFO]: Proxies init
2024-11-07T09:43:08.829Z [INFO]: xjrxxdsh-rotate
2024-11-07T09:43:08.829Z [INFO]: bs1a64qlhfnk
2024-11-07T09:43:08.830Z [INFO]: https://www.zillow.com/california-city-ca
2024-11-07T09:43:08.830Z [INFO]: https://www.zillow.com/california-city-ca/1_p
2024-11-07T09:43:08.831Z [INFO]: Closing old Page
2024-11-07T09:43:10.616Z [INFO]: Creating web Browser
2024-11-07T09:43:13.426Z [INFO]: Creating new Page
2024-11-07T09:43:13.428Z [INFO]: Opening new page
2024-11-07T09:43:14.908Z [INFO]: Proxies init
2024-11-07T09:43:15.123Z [INFO]: xjrxxdsh-rotate
2024-11-07T09:43:15.124Z [INFO]: bs1a64qlhfnk
2024-11-07T09:43:15.625Z [INFO]: Navigating to https://www.zillow.com/california-city-ca/1_p
2024-11-07T09:44:08.041Z [INFO]: Creating web Browser
2024-11-07T09:44:10.487Z [INFO]: Opening new page
2024-11-07T09:44:11.847Z [INFO]: Proxies init
2024-11-07T09:44:12.052Z [INFO]: xjrxxdsh-rotate
2024-11-07T09:44:12.052Z [INFO]: bs1a64qlhfnk
2024-11-07T09:44:12.053Z [INFO]: https://www.zillow.com/california-city-ca
2024-11-07T09:44:12.053Z [INFO]: https://www.zillow.com/california-city-ca/1_p
2024-11-07T09:44:12.054Z [INFO]: Closing old Page
2024-11-07T09:44:13.808Z [INFO]: Creating web Browser
2024-11-07T09:44:15.905Z [INFO]: Creating new Page
2024-11-07T09:44:15.905Z [INFO]: Opening new page
2024-11-07T09:44:17.226Z [INFO]: Proxies init
2024-11-07T09:44:17.442Z [INFO]: xjrxxdsh-rotate
2024-11-07T09:44:17.443Z [INFO]: bs1a64qlhfnk
2024-11-07T09:44:18.443Z [INFO]: Navigating to https://www.zillow.com/california-city-ca/1_p
2024-11-07T09:44:28.344Z [INFO]: https://www.zillow.com/california-city-ca
2024-11-07T09:44:28.347Z [INFO]: https://www.zillow.com/california-city-ca/2_p
2024-11-07T09:44:28.348Z [INFO]: Closing old Page
2024-11-07T09:44:30.284Z [INFO]: Creating web Browser
2024-11-07T09:44:58.273Z [INFO]: Creating web Browser
2024-11-07T09:45:00.456Z [INFO]: Opening new page
2024-11-07T09:45:02.128Z [INFO]: Proxies init
2024-11-07T09:45:02.335Z [INFO]: xjrxxdsh-rotate
2024-11-07T09:45:02.335Z [INFO]: bs1a64qlhfnk
2024-11-07T09:45:02.336Z [INFO]: https://www.zillow.com/california-city-ca
2024-11-07T09:45:02.337Z [INFO]: https://www.zillow.com/california-city-ca/1_p
2024-11-07T09:45:02.337Z [INFO]: Closing old Page
2024-11-07T09:45:04.109Z [INFO]: Creating web Browser
2024-11-07T09:45:06.285Z [INFO]: Creating new Page
2024-11-07T09:45:06.285Z [INFO]: Opening new page
2024-11-07T09:45:07.619Z [INFO]: Proxies init
2024-11-07T09:45:07.828Z [INFO]: xjrxxdsh-rotate
2024-11-07T09:45:07.829Z [INFO]: bs1a64qlhfnk
2024-11-07T09:45:08.830Z [INFO]: Navigating to https://www.zillow.com/california-city-ca/1_p
2024-11-07T09:46:36.562Z [INFO]: Creating web Browser
2024-11-07T09:46:39.602Z [INFO]: Opening new page
2024-11-07T09:46:40.930Z [INFO]: Proxies init
2024-11-07T09:46:41.136Z [INFO]: xjrxxdsh-rotate
2024-11-07T09:46:41.137Z [INFO]: bs1a64qlhfnk
2024-11-07T09:46:41.137Z [INFO]: https://www.zillow.com/california-city-ca
2024-11-07T09:46:41.138Z [INFO]: https://www.zillow.com/california-city-ca/1_p
2024-11-07T09:46:41.138Z [INFO]: Closing old Page
2024-11-07T09:46:43.111Z [INFO]: Creating web Browser
2024-11-07T09:46:45.006Z [INFO]: Creating new Page
2024-11-07T09:46:45.009Z [INFO]: Opening new page
2024-11-07T09:46:46.312Z [INFO]: Proxies init
2024-11-07T09:46:46.525Z [INFO]: xjrxxdsh-rotate
2024-11-07T09:46:46.526Z [INFO]: bs1a64qlhfnk
2024-11-07T09:46:47.027Z [INFO]: Navigating to https://www.zillow.com/california-city-ca/1_p
